C:\Program Files (x86)\Microsoft Visual Studio\2019\Community\MSBuild\Microsoft\VC\v160\Microsoft.CppBuild.targets(513,5): warning MSB8028: The intermediate directory (x64\Debug\) contains files shared from another project (GraphicsProgramming.vcxproj).  This can lead to incorrect clean and rebuild behavior.
  main.cpp
D:\4학년 1학기\그래픽스프로그래밍및실습\GraphicsProgramming\include\sb7.h(1,1): warning C4819: The file contains a character that cannot be represented in the current code page (949). Save the file in Unicode format to prevent data loss
D:\4학년 1학기\그래픽스프로그래밍및실습\GraphicsProgramming\include\vmath.h(1022,13): warning C4244: 'initializing': conversion from 'double' to 'float', possible loss of data
D:\4학년 1학기\그래픽스프로그래밍및실습\GraphicsProgramming\GraphicsProgramming\Camera.h(92,45): warning C4244: '=': conversion from 'double' to 'T', possible loss of data
          with
          [
              T=float
          ]
D:\4학년 1학기\그래픽스프로그래밍및실습\GraphicsProgramming\GraphicsProgramming\Camera.h(93,23): warning C4244: '=': conversion from 'double' to 'T', possible loss of data
          with
          [
              T=float
          ]
D:\4학년 1학기\그래픽스프로그래밍및실습\GraphicsProgramming\GraphicsProgramming\Camera.h(94,45): warning C4244: '=': conversion from 'double' to 'T', possible loss of data
          with
          [
              T=float
          ]
D:\4학년 1학기\그래픽스프로그래밍및실습\GraphicsProgramming\GraphicsProgramming\main.cpp(519,15): warning C4244: 'initializing': conversion from 'double' to 'float', possible loss of data
LINK : warning LNK4098: defaultlib 'MSVCRT' conflicts with use of other libs; use /NODEFAULTLIB:library
  GraphicsProgramming.vcxproj -> D:\4학년 1학기\그래픽스프로그래밍및실습\GraphicsProgramming\x64\Debug\_myApp_.exe
